\BOOKMARK [0][]{section*.1}{Zusammenfassung}{}
\BOOKMARK [0][]{chapter*.3}{Abbildungsverzeichnis}{}
\BOOKMARK [0][]{chapter*.4}{Tabellenverzeichnis}{}
\BOOKMARK [0][]{chapter*.5}{Listings}{}
\BOOKMARK [0][]{chapter.1}{1 Einleitung}{}
\BOOKMARK [1][-]{section.1.1}{1.1 Motivation}{chapter.1}
\BOOKMARK [1][-]{section.1.2}{1.2 Problemstellung}{chapter.1}
\BOOKMARK [1][-]{section.1.3}{1.3 Zielsetzung der Arbeit}{chapter.1}
\BOOKMARK [1][-]{section.1.4}{1.4 Aufbau der Arbeit}{chapter.1}
\BOOKMARK [0][]{chapter.2}{2 Kostenabsch\344tzung f\374r spritzgussgefertigte Bauteile}{}
\BOOKMARK [1][-]{section.2.1}{2.1 Dome}{chapter.2}
\BOOKMARK [1][-]{section.2.2}{2.2 Rippen}{chapter.2}
\BOOKMARK [1][-]{section.2.3}{2.3 Das Projekt GoCart}{chapter.2}
\BOOKMARK [2][-]{subsection.2.3.1}{2.3.1 H\344ndisches Ausmessen von Domstrukturen}{section.2.3}
\BOOKMARK [2][-]{subsection.2.3.2}{2.3.2 H\344ndisches Ausmessen von Rippenstrukturen}{section.2.3}
\BOOKMARK [0][]{chapter.3}{3 Stand der Forschung und Technik}{}
\BOOKMARK [1][-]{section.3.1}{3.1 Grundlagen der verwendeten computergrafischen Techniken}{chapter.3}
\BOOKMARK [2][-]{subsection.3.1.1}{3.1.1 Triangulierte Geometrien}{section.3.1}
\BOOKMARK [2][-]{subsection.3.1.2}{3.1.2 Kollisonspr\374fung}{section.3.1}
\BOOKMARK [2][-]{subsection.3.1.3}{3.1.3 3D-Selektion}{section.3.1}
\BOOKMARK [1][-]{section.3.2}{3.2 Heuristische Optimierung}{chapter.3}
\BOOKMARK [1][-]{section.3.3}{3.3 Segmentierung von triangulierten Geometrien}{chapter.3}
\BOOKMARK [2][-]{subsection.3.3.1}{3.3.1 Notation und Klassifizierung von Segmentierungstechniken}{section.3.3}
\BOOKMARK [2][-]{subsection.3.3.2}{3.3.2 Geometrische Eigenschaften und Unterteilungskriterien}{section.3.3}
\BOOKMARK [2][-]{subsection.3.3.3}{3.3.3 Hierachisches Clustering}{section.3.3}
\BOOKMARK [1][-]{section.3.4}{3.4 Automatische Featureerkennung}{chapter.3}
\BOOKMARK [2][-]{subsection.3.4.1}{3.4.1 Klassifizierung von Featureerkennungstechniken}{section.3.4}
\BOOKMARK [2][-]{subsection.3.4.2}{3.4.2 Subgraphisomorphismen}{section.3.4}
\BOOKMARK [0][]{chapter.4}{4 Halbautomatische Erkennung von Domstrukturen}{}
\BOOKMARK [1][-]{section.4.1}{4.1 Motivation}{chapter.4}
\BOOKMARK [1][-]{section.4.2}{4.2 Ermittlung der Position und Ausrichtung einer Domstruktur}{chapter.4}
\BOOKMARK [2][-]{subsection.4.2.1}{4.2.1 Best-Fitting Plane mit Hauptkomponentenzerlegung}{section.4.2}
\BOOKMARK [1][-]{section.4.3}{4.3 Zielfunktion des Optimierungsproblems}{chapter.4}
\BOOKMARK [1][-]{section.4.4}{4.4 Ergebnisse}{chapter.4}
\BOOKMARK [1][-]{section.4.5}{4.5 Fazit und Ausblick}{chapter.4}
\BOOKMARK [0][]{chapter.5}{5 Segmentierung von triangulierten Geometrien}{}
\BOOKMARK [1][-]{section.5.1}{5.1 Motivation}{chapter.5}
\BOOKMARK [1][-]{section.5.2}{5.2 Algorithmus}{chapter.5}
\BOOKMARK [1][-]{section.5.3}{5.3 Design}{chapter.5}
\BOOKMARK [1][-]{section.5.4}{5.4 Filtern und Verfeinern der Segmentstruktur}{chapter.5}
\BOOKMARK [0][]{chapter.6}{6 Halbautomatische Rippenerkennung}{}
\BOOKMARK [1][-]{section.6.1}{6.1 Ermittlung der Rippenoberfl\344che}{chapter.6}
\BOOKMARK [1][-]{section.6.2}{6.2 Nachbearbeiten der ermittelten Rippenoberfl\344che}{chapter.6}
\BOOKMARK [1][-]{section.6.3}{6.3 Ermittlung der Rippentiefe}{chapter.6}
\BOOKMARK [1][-]{section.6.4}{6.4 Implementierung und Ergebnisse}{chapter.6}
\BOOKMARK [0][]{chapter*.8}{Literaturverzeichnis}{}
